<?xml version="1.0" encoding="UTF-8"?>
<testsuite xmlns:xsi="http://www.w3.org/2001/XMLSchema-instance" xsi:schemaLocation="https://maven.apache.org/surefire/maven-surefire-plugin/xsd/surefire-test-report.xsd" name="TestSuite" time="253.569" tests="1" errors="0" skipped="0" failures="1">
  <properties>
[...]
</properties>
  <testcase name="getMobiles" classname="com.imaginea.assignment.specs.MobilesSpec" time="160.831">
    <failure message="An unknown server-side error occurred while processing the command. (WARNING: The server did not provide any stacktrace information)&#10;Command duration or timeout: 1.66 seconds&#10;Build info: version: &apos;3.0.1&apos;, revision: &apos;1969d75&apos;, time: &apos;2016-10-18 09:49:13 -0700&apos;&#10;System info: host: &apos;PRINHYLTPDL0795&apos;, ip: &apos;192.168.153.1&apos;, os.name: &apos;Windows 8.1&apos;, os.arch: &apos;amd64&apos;, os.version: &apos;6.3&apos;, java.version: &apos;1.8.0_101&apos;&#10;Driver info: io.appium.java_client.android.AndroidDriver&#10;Capabilities [{appPackage=com.flipkart.android, deviceScreenSize=1080x1920, networkConnectionEnabled=true, warnings={}, databaseEnabled=false, deviceName=192.168.19.101:5555, platform=LINUX, deviceUDID=192.168.19.101:5555, appActivity=com.flipkart.android.SplashActivity, desired={appPackage=com.flipkart.android, appActivity=com.flipkart.android.SplashActivity, platformVersion=6.0, browserName=Android, platformName=Android, deviceName=Nexus51}, platformVersion=6.0, webStorageEnabled=false, locationContextEnabled=false, takesScreenshot=true, browserName=Android, javascriptEnabled=true, deviceModel=Nexus5, platformName=Android, deviceManufacturer=Genymotion}]&#10;Session ID: 5fecbc82-9b9b-4436-bfa4-3fea060efdc9" type="org.openqa.selenium.WebDriverException">org.openqa.selenium.WebDriverException: 
An unknown server-side error occurred while processing the command. (WARNING: The server did not provide any stacktrace information)
Command duration or timeout: 1.66 seconds
Build info: version: '3.0.1', revision: '1969d75', time: '2016-10-18 09:49:13 -0700'
System info: host: 'PRINHYLTPDL0795', ip: '192.168.153.1', os.name: 'Windows 8.1', os.arch: 'amd64', os.version: '6.3', java.version: '1.8.0_101'
Driver info: io.appium.java_client.android.AndroidDriver
Capabilities [{appPackage=com.flipkart.android, deviceScreenSize=1080x1920, networkConnectionEnabled=true, warnings={}, databaseEnabled=false, deviceName=192.168.19.101:5555, platform=LINUX, deviceUDID=192.168.19.101:5555, appActivity=com.flipkart.android.SplashActivity, desired={appPackage=com.flipkart.android, appActivity=com.flipkart.android.SplashActivity, platformVersion=6.0, browserName=Android, platformName=Android, deviceName=Nexus51}, platformVersion=6.0, webStorageEnabled=false, locationContextEnabled=false, takesScreenshot=true, browserName=Android, javascriptEnabled=true, deviceModel=Nexus5, platformName=Android, deviceManufacturer=Genymotion}]
Session ID: 5fecbc82-9b9b-4436-bfa4-3fea060efdc9
	at com.imaginea.assignment.specs.MobilesSpec.getMobiles(MobilesSpec.java:40)
</failure>
    <system-out><![CDATA[...
... TestNG 6.11 by Cédric Beust (cedric@beust.com)
...

Extra 5% off* with Axis Bank Buzz Credit Card
FREE Delivery by tomorrow
No cost EMI ?834/ month
Cash on Delivery
Share
Easy Payment Options
•
No cost EMI starting from ?834/month
•
Cash on Delivery
•
Net banking & Credit/ Debit/ ATM card
Highlights
ADD TO CART
BUY NOW
FREE Delivery by tomorrow
No cost EMI ?723/ month
Cash on Delivery
Share
Easy Payment Options
•
No cost EMI starting from ?723/month
•
Cash on Delivery
•
Net banking & Credit/ Debit/ ATM card
Highlights
ADD TO CART
BUY NOW
Easy Payment Options
•
No cost EMI starting from ?2,000/month
•
Cash on Delivery
•
Net banking & Credit/ Debit/ ATM card
1-year Buyback Guarantee
?149
499
70% off
Flipkart guarantees the best exchange value of ?8,500 when you upgrade to a new phone.
Know More
Tip: Best for users who keep upgrading to latest smartphones.
Product
?17,999
+
Guarantee
?149
Highlights
•
4 GB RAM | 64 GB ROM | Expandable Upto 128 GB
ADD TO CART
BUY NOW
]]></system-out>
    <system-err><![CDATA[Oct 23, 2017 7:17:42 AM org.openqa.selenium.remote.ProtocolHandshake createSession
INFO: Attempting bi-dialect session, assuming Postel's Law holds true on the remote end
Oct 23, 2017 7:19:01 AM org.openqa.selenium.remote.ProtocolHandshake createSession
INFO: Detected dialect: OSS
]]></system-err>
  </testcase>
</testsuite>